<?xml version="1.0" encoding="UTF-8"?>
<!-- Generated by org.testng.reporters.JUnitReportReporter -->
<testsuite skipped="0" hostname="RACD-002157" name="com.qa.restAssured.GETRestTest" tests="1" failures="0" timestamp="02 May 2019 10:15:46 GMT" time="1.069" errors="0">
  <testcase name="GetData" time="1.069" classname="com.qa.restAssured.GETRestTest"/>
</testsuite> <!-- com.qa.restAssured.GETRestTest -->
