<?xml version="1.0" encoding="UTF-8"?>
<!-- Generated by org.testng.reporters.JUnitReportReporter -->
<testsuite skipped="0" hostname="RACD-002157" name="com.qa.restAssured.PUTRestTest" tests="1" failures="0" timestamp="02 May 2019 12:24:21 GMT" time="1.237" errors="0">
  <testcase name="PUTData" time="1.237" classname="com.qa.restAssured.PUTRestTest"/>
</testsuite> <!-- com.qa.restAssured.PUTRestTest -->
