<?xml version="1.0" encoding="UTF-8"?>
<!-- Generated by org.testng.reporters.JUnitReportReporter -->
<testsuite skipped="4" hostname="RACD-002157" name="com.qa.restapi.TestClass.GetAPITest" tests="5" failures="0" timestamp="16 Apr 2019 07:32:47 GMT" time="25.728" errors="0">
  <testcase name="GetJSONStringValues" time="25.728" classname="com.qa.restapi.TestClass.GetAPITest"/>
  <testcase name="getRequest" classname="com.qa.restapi.TestClass.GetAPITest">
    <skipped/>
  </testcase> <!-- getRequest -->
  <testcase name="ValidateJSONResponseCode" classname="com.qa.restapi.TestClass.GetAPITest">
    <skipped/>
  </testcase> <!-- ValidateJSONResponseCode -->
  <testcase name="getRequestAct" classname="com.qa.restapi.TestClass.GetAPITest">
    <skipped/>
  </testcase> <!-- getRequestAct -->
  <testcase name="GetJSONValuesFromArray" classname="com.qa.restapi.TestClass.GetAPITest">
    <skipped/>
  </testcase> <!-- GetJSONValuesFromArray -->
</testsuite> <!-- com.qa.restapi.TestClass.GetAPITest -->
