<?xml version="1.0" encoding="UTF-8"?>
<!-- Generated by org.testng.reporters.JUnitReportReporter -->
<testsuite skipped="0" hostname="RACD-002157" name="com.qa.restapi.TestClass.POSTAPITest" tests="1" failures="0" timestamp="17 Apr 2019 06:06:21 GMT" time="1.308" errors="0">
  <testcase name="PostAPITest" time="1.308" classname="com.qa.restapi.TestClass.POSTAPITest"/>
</testsuite> <!-- com.qa.restapi.TestClass.POSTAPITest -->
