<?xml version="1.0" encoding="UTF-8"?>
<!-- Generated by org.testng.reporters.JUnitReportReporter -->
<testsuite skipped="0" hostname="RACD-002157" name="com.qa.restAssured.DELETERestTest" tests="1" failures="0" timestamp="02 May 2019 11:36:02 GMT" time="1.160" errors="0">
  <testcase name="DELETEData" time="1.160" classname="com.qa.restAssured.DELETERestTest"/>
</testsuite> <!-- com.qa.restAssured.DELETERestTest -->
