<?xml version="1.0" encoding="UTF-8"?>
<!-- Generated by org.testng.reporters.JUnitReportReporter -->
<testsuite skipped="0" hostname="RACD-002157" name="com.qa.restAssured.POSTRestTest" tests="1" failures="0" timestamp="02 May 2019 11:38:49 GMT" time="1.143" errors="0">
  <testcase name="POSTRestApiTest" time="1.143" classname="com.qa.restAssured.POSTRestTest"/>
</testsuite> <!-- com.qa.restAssured.POSTRestTest -->
