<?xml version="1.0" encoding="UTF-8"?>
<!-- Generated by org.testng.reporters.JUnitReportReporter -->
<testsuite skipped="0" hostname="RACD-002157" name="com.qa.restAssured.POSTRestTest" tests="1" failures="0" timestamp="02 May 2019 10:53:01 GMT" time="50.972" errors="0">
  <testcase name="POSTRestApiTest" time="50.972" classname="com.qa.restAssured.POSTRestTest"/>
</testsuite> <!-- com.qa.restAssured.POSTRestTest -->
