<?xml version="1.0" encoding="UTF-8"?>
<!-- Generated by org.testng.reporters.JUnitReportReporter -->
<testsuite skipped="0" hostname="RACD-002157" name="com.qa.restapi.TestClass.ErgastApiTest" tests="1" failures="0" timestamp="17 Apr 2019 11:47:16 GMT" time="0.809" errors="0">
  <testcase name="GetApiMethod" time="0.809" classname="com.qa.restapi.TestClass.ErgastApiTest"/>
</testsuite> <!-- com.qa.restapi.TestClass.ErgastApiTest -->
