<?xml version="1.0" encoding="UTF-8"?>
<!-- Generated by org.testng.reporters.JUnitReportReporter -->
<testsuite skipped="1" hostname="RACD-002157" name="com.qa.restapi.TestClass.GetAPITest" tests="2" failures="0" timestamp="12 Apr 2019 11:57:52 GMT" time="4.242" errors="0">
  <testcase name="ValidateJSONValues" time="4.242" classname="com.qa.restapi.TestClass.GetAPITest"/>
  <testcase name="getRequest" classname="com.qa.restapi.TestClass.GetAPITest">
    <skipped/>
  </testcase> <!-- getRequest -->
</testsuite> <!-- com.qa.restapi.TestClass.GetAPITest -->
