<?xml version="1.0" encoding="UTF-8"?>
<!-- Generated by org.testng.reporters.JUnitReportReporter -->
<testsuite skipped="0" hostname="RACD-002157" name="com.qa.restapi.TestClass.PUTTest" tests="1" failures="0" timestamp="26 Apr 2019 11:08:52 GMT" time="1.618" errors="0">
  <testcase name="PUTAPITest" time="1.618" classname="com.qa.restapi.TestClass.PUTTest"/>
</testsuite> <!-- com.qa.restapi.TestClass.PUTTest -->
