<?xml version="1.0" encoding="UTF-8"?>
<!-- Generated by org.testng.reporters.JUnitReportReporter -->
<testsuite skipped="0" hostname="RACD-002157" name="com.qa.restapi.TestClass.PUTTest" tests="1" failures="0" timestamp="30 Apr 2019 09:22:36 GMT" time="1.054" errors="0">
  <testcase name="PUTAPITest" time="1.054" classname="com.qa.restapi.TestClass.PUTTest"/>
</testsuite> <!-- com.qa.restapi.TestClass.PUTTest -->
