<?xml version="1.0" encoding="UTF-8"?>
<!-- Generated by org.testng.reporters.JUnitReportReporter -->
<testsuite skipped="0" hostname="RACD-002157" name="com.qa.restapi.TestClass.DELETTest" tests="1" failures="0" timestamp="30 Apr 2019 09:22:36 GMT" time="1.661" errors="0">
  <testcase name="DELETAPITEST" time="1.661" classname="com.qa.restapi.TestClass.DELETTest"/>
</testsuite> <!-- com.qa.restapi.TestClass.DELETTest -->
