<?xml version="1.0" encoding="UTF-8"?>
<!-- Generated by org.testng.reporters.JUnitReportReporter -->
<testsuite skipped="4" hostname="RACD-002157" name="com.qa.restapi.TestClass.GETTest" tests="5" failures="0" timestamp="30 Apr 2019 09:22:36 GMT" time="0.726" errors="0">
  <testcase name="GetJSONStringValues" time="0.726" classname="com.qa.restapi.TestClass.GETTest"/>
  <testcase name="ValidateJSONResponseCode" classname="com.qa.restapi.TestClass.GETTest">
    <skipped/>
  </testcase> <!-- ValidateJSONResponseCode -->
  <testcase name="getRequestAct" classname="com.qa.restapi.TestClass.GETTest">
    <skipped/>
  </testcase> <!-- getRequestAct -->
  <testcase name="GetJSONValuesFromArray" classname="com.qa.restapi.TestClass.GETTest">
    <skipped/>
  </testcase> <!-- GetJSONValuesFromArray -->
  <testcase name="getRequest" classname="com.qa.restapi.TestClass.GETTest">
    <skipped/>
  </testcase> <!-- getRequest -->
</testsuite> <!-- com.qa.restapi.TestClass.GETTest -->
