<?xml version="1.0" encoding="UTF-8"?>
<!-- Generated by org.testng.reporters.JUnitReportReporter -->
<testsuite skipped="0" hostname="RACD-002157" name="com.qa.restapi.TestClass.ErgastApiTest" tests="1" failures="0" timestamp="30 Apr 2019 09:22:36 GMT" time="1.081" errors="0">
  <testcase name="GetApiMethod" time="1.081" classname="com.qa.restapi.TestClass.ErgastApiTest"/>
</testsuite> <!-- com.qa.restapi.TestClass.ErgastApiTest -->
