<?xml version="1.0" encoding="UTF-8"?>
<!-- Generated by org.testng.reporters.JUnitReportReporter -->
<testsuite skipped="0" hostname="RACD-002157" name="com.qa.restapi.TestClass.POSTTest" tests="1" failures="0" timestamp="30 Apr 2019 09:22:36 GMT" time="1.230" errors="0">
  <testcase name="PostAPITest" time="1.230" classname="com.qa.restapi.TestClass.POSTTest"/>
</testsuite> <!-- com.qa.restapi.TestClass.POSTTest -->
