<?xml version="1.0" encoding="UTF-8"?>
<!-- Generated by org.testng.reporters.JUnitReportReporter -->
<testsuite skipped="2" hostname="RACD-002157" name="com.qa.restapi.TestClass.GetAPITest" tests="3" failures="0" timestamp="15 Apr 2019 06:16:28 GMT" time="3.815" errors="0">
  <testcase name="getRequestAct" time="3.815" classname="com.qa.restapi.TestClass.GetAPITest"/>
  <testcase name="getRequest" classname="com.qa.restapi.TestClass.GetAPITest">
    <skipped/>
  </testcase> <!-- getRequest -->
  <testcase name="ValidateJSONValues" classname="com.qa.restapi.TestClass.GetAPITest">
    <skipped/>
  </testcase> <!-- ValidateJSONValues -->
</testsuite> <!-- com.qa.restapi.TestClass.GetAPITest -->
